<?xml version="1.0" encoding="UTF-8"?>
<!-- Generated by org.testng.reporters.JUnitReportReporter -->
<testsuite hostname="Aryans-MacBook-Pro.local" failures="0" tests="1" name="SchemaValidation.JSONSchemaValidation" time="1.882" errors="0" timestamp="2024-06-04T17:33:34 IST" skipped="0">
  <testcase classname="SchemaValidation.JSONSchemaValidation" name="jsonSchemaValidation" time="1.882"/>
</testsuite> <!-- SchemaValidation.JSONSchemaValidation -->
