<?xml version="1.0" encoding="UTF-8"?>
<!-- Generated by org.testng.reporters.JUnitReportReporter -->
<testsuite hostname="Aryans-MacBook-Pro.local" failures="0" tests="1" name="apiChaining.CreateUser" time="5.207" errors="0" timestamp="2024-06-06T10:15:23 IST" skipped="0">
  <testcase classname="apiChaining.CreateUser" name="testCreateUser" time="5.207"/>
</testsuite> <!-- apiChaining.CreateUser -->
