<?xml version="1.0" encoding="UTF-8"?>
<!-- Generated by org.testng.reporters.JUnitReportReporter -->
<testsuite hostname="Aryans-MacBook-Pro.local" failures="0" tests="1" name="apiChaining.UpdateUser" time="1.157" errors="0" timestamp="2024-06-06T10:15:23 IST" skipped="0">
  <testcase classname="apiChaining.UpdateUser" name="testUpdateUser" time="1.157"/>
</testsuite> <!-- apiChaining.UpdateUser -->
