<?xml version="1.0" encoding="UTF-8"?>
<!-- Generated by org.testng.reporters.JUnitReportReporter -->
<testsuite hostname="Aryans-MacBook-Pro.local" failures="0" tests="1" name="day1.ParsingJSONResponseData" time="1.357" errors="0" timestamp="2024-06-03T12:33:46 IST" skipped="0">
  <testcase classname="day1.ParsingJSONResponseData" name="testJsonResponse3" time="1.357"/>
</testsuite> <!-- day1.ParsingJSONResponseData -->
