<?xml version="1.0" encoding="UTF-8"?>
<!-- Generated by org.testng.reporters.JUnitReportReporter -->
<testsuite hostname="Aryans-MacBook-Pro.local" failures="0" tests="1" name="day1.PathAndQueryParameters" time="8.444" errors="0" timestamp="2024-06-01T09:47:44 IST" skipped="0">
  <testcase classname="day1.PathAndQueryParameters" name="testQueryAndPathParameters" time="8.444"/>
</testsuite> <!-- day1.PathAndQueryParameters -->
