<?xml version="1.0" encoding="UTF-8"?>
<!-- Generated by org.testng.reporters.JUnitReportReporter -->
<testsuite hostname="Aryans-MacBook-Pro.local" failures="0" tests="4" name="day1.HTTPRequests" time="9.115" errors="0" timestamp="2024-05-31T11:20:04 IST" skipped="0">
  <testcase classname="day1.HTTPRequests" name="getUsers" time="7.620"/>
  <testcase classname="day1.HTTPRequests" name="createUser" time="0.700"/>
  <testcase classname="day1.HTTPRequests" name="updateUser" time="0.395"/>
  <testcase classname="day1.HTTPRequests" name="deleteUser" time="0.400"/>
</testsuite> <!-- day1.HTTPRequests -->
