<?xml version="1.0" encoding="UTF-8"?>
<!-- Generated by org.testng.reporters.JUnitReportReporter -->
<testsuite hostname="Aryans-MacBook-Pro.local" failures="0" tests="1" name="apiChaining.DeleteUser" time="1.060" errors="0" timestamp="2024-06-06T10:15:23 IST" skipped="0">
  <testcase classname="apiChaining.DeleteUser" name="testGetUser" time="1.060"/>
</testsuite> <!-- apiChaining.DeleteUser -->
