<?xml version="1.0" encoding="UTF-8"?>
<!-- Generated by org.testng.reporters.JUnitReportReporter -->
<testsuite hostname="Aryans-MacBook-Pro.local" failures="0" tests="1" name="serializationDeserialisation.SerializationDeserialisation" time="0.299" errors="0" timestamp="2024-06-05T10:48:59 IST" skipped="0">
  <testcase classname="serializationDeserialisation.SerializationDeserialisation" name="convertPojoToJson" time="0.299"/>
</testsuite> <!-- serializationDeserialisation.SerializationDeserialisation -->
