<?xml version="1.0" encoding="UTF-8"?>
<!-- Generated by org.testng.reporters.JUnitReportReporter -->
<testsuite hostname="Aryans-MacBook-Pro.local" failures="0" tests="1" name="day1.LoggingDemo" time="8.541" errors="0" timestamp="2024-06-01T10:33:08 IST" skipped="0">
  <testcase classname="day1.LoggingDemo" name="testLogs" time="8.541"/>
</testsuite> <!-- day1.LoggingDemo -->
