<?xml version="1.0" encoding="UTF-8"?>
<!-- Generated by org.testng.reporters.JUnitReportReporter -->
<testsuite hostname="Aryans-MacBook-Pro.local" failures="0" tests="1" name="day1.CookiesDemo" time="3.434" errors="0" timestamp="2024-06-01T10:13:56 IST" skipped="0">
  <testcase classname="day1.CookiesDemo" name="testCookies" time="3.434"/>
</testsuite> <!-- day1.CookiesDemo -->
