<?xml version="1.0" encoding="UTF-8"?>
<!-- Generated by org.testng.reporters.JUnitReportReporter -->
<testsuite hostname="Aryans-MacBook-Pro.local" failures="0" tests="1" name="day1.HeaderDemo" time="9.240" errors="0" timestamp="2024-06-01T10:28:58 IST" skipped="0">
  <testcase classname="day1.HeaderDemo" name="getHeaders" time="9.240"/>
</testsuite> <!-- day1.HeaderDemo -->
