<?xml version="1.0" encoding="UTF-8"?>
<!-- Generated by org.testng.reporters.JUnitReportReporter -->
<testsuite hostname="Aryans-MacBook-Pro.local" failures="0" tests="2" name="day1.PostRequests" time="2.076" errors="0" timestamp="2024-05-31T14:50:03 IST" skipped="0">
  <testcase classname="day1.PostRequests" name="postUsingExternalJSONFile" time="2.016"/>
  <testcase classname="day1.PostRequests" name="delete" time="0.060"/>
</testsuite> <!-- day1.PostRequests -->
